<?xml version="1.0" encoding="UTF-8"?>
<!-- Generated by org.testng.reporters.JUnitXMLReporter -->
<testsuite hostname="CBT-MH-000" name="Test" tests="7" failures="0" timestamp="30 Oct 2019 10:19:20 GMT" time="19.336" errors="0">
  <testcase name="tweetupdate" time="8.95" classname="API.Trends"/>
  <testcase name="Blockuser" time="2.32" classname="API.blockuSER"/>
  <testcase name="searchtweet" time="1.444" classname="API.Searchtweet"/>
  <testcase name="postTweet" time="1.151" classname="API.postapis"/>
  <testcase name="listusers" time="2.235" classname="API.listofusers"/>
  <testcase name="WeatherRequest" time="1.451" classname="API.weather"/>
  <testcase name="creatapis" time="1.649" classname="API.TWeet"/>
</testsuite> <!-- Test -->
