<?xml version="1.0" encoding="UTF-8"?>
<testng-results skipped="0" failed="0" total="1" passed="1">
  <reporter-output>
  </reporter-output>
  <suite name="Default suite" duration-ms="7404" started-at="2019-10-31T08:58:39Z" finished-at="2019-10-31T08:58:47Z">
    <groups>
    </groups>
    <test name="Default test" duration-ms="7404" started-at="2019-10-31T08:58:39Z" finished-at="2019-10-31T08:58:47Z">
      <class name="API.blockuSER">
        <test-method status="PASS" signature="Blockuser()[pri:0, instance:API.blockuSER@7d70d1b1]" name="Blockuser" duration-ms="7372" started-at="2019-10-31T14:28:39Z" finished-at="2019-10-31T14:28:47Z">
          <reporter-output>
          </reporter-output>
        </test-method> <!-- Blockuser -->
      </class> <!-- API.blockuSER -->
    </test> <!-- Default test -->
  </suite> <!-- Default suite -->
</testng-results>
